# JRE version: OpenJDK Runtime Environment (21.0.2+13) (build 21.0.2+13-58)
# Java VM: OpenJDK 64-Bit Server VM (21.0.2+13-58, mixed mode, sharing, tiered, compressed oops, compressed class ptrs, g1 gc, windows-amd64)
GC Precious Log:
 CardTable entry size: 512
 Card Set container configuration: InlinePtr #cards 5 size 8 Array Of Cards #cards 12 size 40 Howl #buckets 4 coarsen threshold 1843 Howl Bitmap #cards 512 size 80 coarsen threshold 460 Card regions per heap region 1 cards per card region 2048
 CPUs: 4 total, 4 available
 Memory: 7934M
 Large Page Support: Disabled
 NUMA Support: Disabled
 Compressed Oops: Enabled (32-bit)
 Heap Region Size: 1M
 Heap Min Capacity: 8M
 Heap Initial Capacity: 124M
 Heap Max Capacity: 1984M
 Pre-touch: Disabled
 Parallel Workers: 4
 Concurrent Workers: 1
 Concurrent Refinement Workers: 4
 Periodic GC: Disabled
Heap:
 garbage-first heap   total 129024K, used 94208K [0x0000000084000000, 0x0000000100000000)
  region size 1024K, 36 young (36864K), 1 survivors (1024K)
 Metaspace       used 35861K, committed 36352K, reserved 1114112K
  class space    used 3966K, committed 4160K, reserved 1048576K
GC Heap History (20 events):
Event: 5.298 GC heap before
{Heap before GC invocations=3 (full 0):
 garbage-first heap   total 126976K, used 78705K [0x0000000084000000, 0x0000000100000000)
  region size 1024K, 74 young (75776K), 4 survivors (4096K)
 Metaspace       used 16722K, committed 17024K, reserved 1114112K
  class space    used 1910K, committed 2048K, reserved 1048576K
}
Event: 5.321 GC heap after
{Heap after GC invocations=4 (full 0):
 garbage-first heap   total 126976K, used 14172K [0x0000000084000000, 0x0000000100000000)
  region size 1024K, 10 young (10240K), 10 survivors (10240K)
 Metaspace       used 16722K, committed 17024K, reserved 1114112K
  class space    used 1910K, committed 2048K, reserved 1048576K
}
Event: 8.290 GC heap before
{Heap before GC invocations=4 (full 0):
 garbage-first heap   total 126976K, used 113500K [0x0000000084000000, 0x0000000100000000)
  region size 1024K, 74 young (75776K), 10 survivors (10240K)
 Metaspace       used 20427K, committed 20736K, reserved 1114112K
  class space    used 2273K, committed 2432K, reserved 1048576K
}
Event: 8.304 GC heap after
{Heap after GC invocations=5 (full 0):
 garbage-first heap   total 129024K, used 18319K [0x0000000084000000, 0x0000000100000000)
  region size 1024K, 5 young (5120K), 5 survivors (5120K)
 Metaspace       used 20427K, committed 20736K, reserved 1114112K
  class space    used 2273K, committed 2432K, reserved 1048576K
}
Event: 8.455 GC heap before
{Heap before GC invocations=5 (full 0):
 garbage-first heap   total 129024K, used 33679K [0x0000000084000000, 0x0000000100000000)
  region size 1024K, 17 young (17408K), 5 survivors (5120K)
 Metaspace       used 21203K, committed 21504K, reserved 1114112K
  class space    used 2364K, committed 2496K, reserved 1048576K
}
Event: 8.461 GC heap after
{Heap after GC invocations=6 (full 0):
 garbage-first heap   total 129024K, used 26511K [0x0000000084000000, 0x0000000100000000)
  region size 1024K, 9 young (9216K), 9 survivors (9216K)
 Metaspace       used 21203K, committed 21504K, reserved 1114112K
  class space    used 2364K, committed 2496K, reserved 1048576K
}
Event: 11.220 GC heap before
{Heap before GC invocations=7 (full 0):
 garbage-first heap   total 96256K, used 75663K [0x0000000084000000, 0x0000000100000000)
  region size 1024K, 56 young (57344K), 9 survivors (9216K)
 Metaspace       used 27231K, committed 27520K, reserved 1114112K
  class space    used 3034K, committed 3136K, reserved 1048576K
}
Event: 11.243 GC heap after
{Heap after GC invocations=8 (full 0):
 garbage-first heap   total 101376K, used 41359K [0x0000000084000000, 0x0000000100000000)
  region size 1024K, 7 young (7168K), 7 survivors (7168K)
 Metaspace       used 27231K, committed 27520K, reserved 1114112K
  class space    used 3034K, committed 3136K, reserved 1048576K
}
Event: 12.572 GC heap before
{Heap before GC invocations=8 (full 0):
 garbage-first heap   total 101376K, used 80271K [0x0000000084000000, 0x0000000100000000)
  region size 1024K, 45 young (46080K), 7 survivors (7168K)
 Metaspace       used 29374K, committed 29824K, reserved 1114112K
  class space    used 3255K, committed 3456K, reserved 1048576K
}
Event: 12.582 GC heap after
{Heap after GC invocations=9 (full 0):
 garbage-first heap   total 101376K, used 44544K [0x0000000084000000, 0x0000000100000000)
  region size 1024K, 2 young (2048K), 2 survivors (2048K)
 Metaspace       used 29374K, committed 29824K, reserved 1114112K
  class space    used 3255K, committed 3456K, reserved 1048576K
}
Event: 13.450 GC heap before
{Heap before GC invocations=9 (full 0):
 garbage-first heap   total 101376K, used 83456K [0x0000000084000000, 0x0000000100000000)
  region size 1024K, 40 young (40960K), 2 survivors (2048K)
 Metaspace       used 31530K, committed 32000K, reserved 1114112K
  class space    used 3500K, committed 3712K, reserved 1048576K
}
Event: 13.457 GC heap after
{Heap after GC invocations=10 (full 0):
 garbage-first heap   total 101376K, used 45102K [0x0000000084000000, 0x0000000100000000)
  region size 1024K, 4 young (4096K), 4 survivors (4096K)
 Metaspace       used 31530K, committed 32000K, reserved 1114112K
  class space    used 3500K, committed 3712K, reserved 1048576K
}
Event: 14.029 GC heap before
{Heap before GC invocations=10 (full 0):
 garbage-first heap   total 101376K, used 62510K [0x0000000084000000, 0x0000000100000000)
  region size 1024K, 19 young (19456K), 4 survivors (4096K)
 Metaspace       used 31562K, committed 32000K, reserved 1114112K
  class space    used 3501K, committed 3712K, reserved 1048576K
}
Event: 14.041 GC heap after
{Heap after GC invocations=11 (full 0):
 garbage-first heap   total 101376K, used 51771K [0x0000000084000000, 0x0000000100000000)
  region size 1024K, 6 young (6144K), 6 survivors (6144K)
 Metaspace       used 31562K, committed 32000K, reserved 1114112K
  class space    used 3501K, committed 3712K, reserved 1048576K
}
Event: 14.537 GC heap before
{Heap before GC invocations=12 (full 0):
 garbage-first heap   total 101376K, used 87611K [0x0000000084000000, 0x0000000100000000)
  region size 1024K, 39 young (39936K), 6 survivors (6144K)
 Metaspace       used 31578K, committed 32064K, reserved 1114112K
  class space    used 3502K, committed 3712K, reserved 1048576K
}
Event: 14.554 GC heap after
{Heap after GC invocations=13 (full 0):
 garbage-first heap   total 107520K, used 67584K [0x0000000084000000, 0x0000000100000000)
  region size 1024K, 5 young (5120K), 5 survivors (5120K)
 Metaspace       used 31578K, committed 32064K, reserved 1114112K
  class space    used 3502K, committed 3712K, reserved 1048576K
}
Event: 15.676 GC heap before
{Heap before GC invocations=13 (full 0):
 garbage-first heap   total 107520K, used 90112K [0x0000000084000000, 0x0000000100000000)
  region size 1024K, 28 young (28672K), 5 survivors (5120K)
 Metaspace       used 32083K, committed 32576K, reserved 1114112K
  class space    used 3559K, committed 3776K, reserved 1048576K
}
Event: 15.688 GC heap after
{Heap after GC invocations=14 (full 0):
 garbage-first heap   total 107520K, used 61419K [0x0000000084000000, 0x0000000100000000)
  region size 1024K, 4 young (4096K), 4 survivors (4096K)
 Metaspace       used 32083K, committed 32576K, reserved 1114112K
  class space    used 3559K, committed 3776K, reserved 1048576K
}
Event: 17.464 GC heap before
{Heap before GC invocations=14 (full 0):
 garbage-first heap   total 107520K, used 88043K [0x0000000084000000, 0x0000000100000000)
  region size 1024K, 31 young (31744K), 4 survivors (4096K)
 Metaspace       used 33019K, committed 33536K, reserved 1114112K
  class space    used 3663K, committed 3904K, reserved 1048576K
}
Event: 17.470 GC heap after
{Heap after GC invocations=15 (full 0):
 garbage-first heap   total 129024K, used 59392K [0x0000000084000000, 0x0000000100000000)
  region size 1024K, 1 young (1024K), 1 survivors (1024K)
 Metaspace       used 33019K, committed 33536K, reserved 1114112K
  class space    used 3663K, committed 3904K, reserved 1048576K
}

